<?xml version="1.0" encoding="UTF-8"?>
<testsuite name="Tests" tests="5" skipped="0" failures="0" errors="0" timestamp="2019-12-26T17:17:50" hostname="DESKTOP-J7I54DS" time="0.018">
  <properties/>
  <testcase name="testSolutionWithEvenNegativeNumber" classname="Tests" time="0.006"/>
  <testcase name="testSolutionWithEvenNumber" classname="Tests" time="0.004"/>
  <testcase name="testSolutionWithOddNegativeNumber" classname="Tests" time="0.002"/>
  <testcase name="testSolutionWithOddNumber" classname="Tests" time="0.001"/>
  <testcase name="testSolutionWithZero" classname="Tests" time="0.002"/>
  <system-out><![CDATA[DO YOU EVEN PRINT?!
]]></system-out>
  <system-err><![CDATA[]]></system-err>
</testsuite>
