<?xml version="1.0" encoding="UTF-8"?>
<testsuite name="Tests" tests="3" skipped="0" failures="0" errors="0" timestamp="2019-12-30T16:49:58" hostname="DESKTOP-78D8MC1" time="0.012">
  <properties/>
  <testcase name="testSolutionWithEmptyArray" classname="Tests" time="0.005"/>
  <testcase name="testSolutionWithValidArray" classname="Tests" time="0.001"/>
  <testcase name="testSolutionWithNullArray" classname="Tests" time="0.005"/>
  <system-out><![CDATA[]]></system-out>
  <system-err><![CDATA[]]></system-err>
</testsuite>
