<?xml version="1.0" encoding="UTF-8"?>
<testsuite name="Tests" tests="6" skipped="0" failures="0" errors="0" timestamp="2019-12-30T19:09:30" hostname="DESKTOP-78D8MC1" time="0.011">
  <properties/>
  <testcase name="testPeekWhenStackIsPopulated" classname="Tests" time="0.003"/>
  <testcase name="testPush" classname="Tests" time="0.001"/>
  <testcase name="testSize" classname="Tests" time="0.001"/>
  <testcase name="testPopWhenStackIsEmpty" classname="Tests" time="0.001"/>
  <testcase name="testPopWhenStackIsPopulated" classname="Tests" time="0.001"/>
  <testcase name="testPeekWhenStackIsEmpty" classname="Tests" time="0.001"/>
  <system-out><![CDATA[]]></system-out>
  <system-err><![CDATA[]]></system-err>
</testsuite>
