<?xml version="1.0" encoding="UTF-8"?>
<testsuite name="Tests" tests="5" skipped="0" failures="0" errors="0" timestamp="2019-12-28T16:12:54" hostname="107-144-156-227.biz.spectrum.com" time="0.017">
  <properties/>
  <testcase name="testSolutionWithReversedArray" classname="Tests" time="0.006"/>
  <testcase name="testSolutionWithPresortedArray" classname="Tests" time="0.0"/>
  <testcase name="testSolutionWithEmptyArray" classname="Tests" time="0.007"/>
  <testcase name="testSolutionWithRandomArray" classname="Tests" time="0.001"/>
  <testcase name="testSolutionWithNullArray" classname="Tests" time="0.001"/>
  <system-out><![CDATA[]]></system-out>
  <system-err><![CDATA[]]></system-err>
</testsuite>
