<?xml version="1.0" encoding="UTF-8"?>
<testsuite name="Tests" tests="5" skipped="0" failures="0" errors="0" timestamp="2019-12-30T21:00:08" hostname="MSI" time="0.013">
  <properties/>
  <testcase name="testSolutionWithNegativeFrequency" classname="Tests" time="0.004"/>
  <testcase name="testSolutionWithValidValues" classname="Tests" time="0.005"/>
  <testcase name="testSolutionWithNegativeRate" classname="Tests" time="0.001"/>
  <testcase name="testSolutionWithNegativeTime" classname="Tests" time="0.001"/>
  <testcase name="testSolutionWithNegativePrincipal" classname="Tests" time="0.001"/>
  <system-out><![CDATA[]]></system-out>
  <system-err><![CDATA[]]></system-err>
</testsuite>
