<?xml version="1.0" encoding="UTF-8"?>
<testsuite name="Tests" tests="3" skipped="0" failures="0" errors="0" timestamp="2019-12-31T05:03:15" hostname="DESKTOP-A4GF959" time="0.016">
  <properties/>
  <testcase name="testSolutionWithStrings" classname="Tests" time="0.014"/>
  <testcase name="testSolutionWithIntegers" classname="Tests" time="0.001"/>
  <testcase name="ensureNoOverloading" classname="Tests" time="0.0"/>
  <system-out><![CDATA[]]></system-out>
  <system-err><![CDATA[]]></system-err>
</testsuite>
