<?xml version="1.0" encoding="UTF-8"?>
<testsuite name="Tests" tests="3" skipped="0" failures="0" errors="0" timestamp="2019-12-31T06:17:38" hostname="LAPTOP-BU1ED0LM" time="0.032">
  <properties/>
  <testcase name="testSolutionWithStrings" classname="Tests" time="0.028"/>
  <testcase name="testSolutionWithIntegers" classname="Tests" time="0.002"/>
  <testcase name="ensureNoOverloading" classname="Tests" time="0.001"/>
  <system-out><![CDATA[]]></system-out>
  <system-err><![CDATA[]]></system-err>
</testsuite>
