<?xml version="1.0" encoding="UTF-8"?>
<testsuite name="Tests" tests="6" skipped="0" failures="0" errors="0" timestamp="2019-12-31T02:02:08" hostname="LAPTOP-F0S6CQ8O" time="0.021">
  <properties/>
  <testcase name="testSolutionWithEmptyString" classname="Tests" time="0.014"/>
  <testcase name="testSolutionWithNullString" classname="Tests" time="0.001"/>
  <testcase name="testSolutionWithValidStringContainingExcessiveSpaces" classname="Tests" time="0.001"/>
  <testcase name="testSolutionWithValidStringContainingNoSpaces" classname="Tests" time="0.001"/>
  <testcase name="testSolutionWithValidStringContainingSpaces" classname="Tests" time="0.001"/>
  <testcase name="testSolutionWithValidStringContainingOnlySpaces" classname="Tests" time="0.001"/>
  <system-out><![CDATA[]]></system-out>
  <system-err><![CDATA[]]></system-err>
</testsuite>
