<?xml version="1.0" encoding="UTF-8"?>
<testsuite name="Tests" tests="6" skipped="0" failures="0" errors="0" timestamp="2019-12-31T11:55:56" hostname="DESKTOP-50FTO6E" time="0.032">
  <properties/>
  <testcase name="testSolutionWithEmptyString" classname="Tests" time="0.008"/>
  <testcase name="testSolutionWithNullString" classname="Tests" time="0.005"/>
  <testcase name="testSolutionWithValidStringContainingExcessiveSpaces" classname="Tests" time="0.006"/>
  <testcase name="testSolutionWithValidStringContainingNoSpaces" classname="Tests" time="0.004"/>
  <testcase name="testSolutionWithValidStringContainingSpaces" classname="Tests" time="0.003"/>
  <testcase name="testSolutionWithValidStringContainingOnlySpaces" classname="Tests" time="0.002"/>
  <system-out><![CDATA[]]></system-out>
  <system-err><![CDATA[]]></system-err>
</testsuite>
