<?xml version="1.0" encoding="UTF-8"?>
<testsuite name="Tests" tests="7" skipped="0" failures="0" errors="0" timestamp="2020-01-03T05:12:19" hostname="DESKTOP-J7I54DS" time="0.097">
  <properties/>
  <testcase name="testSolutionUsingStringWithCapitalizedLetter" classname="Tests" time="0.006"/>
  <testcase name="testSolutionUsingPalindrome" classname="Tests" time="0.001"/>
  <testcase name="testSolutionUsingNullString" classname="Tests" time="0.001"/>
  <testcase name="testSolutionUsingStringWithNewLines" classname="Tests" time="0.002"/>
  <testcase name="testSolutionUsingEmptyString" classname="Tests" time="0.002"/>
  <testcase name="testSolutionUsingSimpleString" classname="Tests" time="0.001"/>
  <testcase name="testSolutionUsingStringWithPunctuationAndSpaces" classname="Tests" time="0.079"/>
  <system-out><![CDATA[]]></system-out>
  <system-err><![CDATA[]]></system-err>
</testsuite>
