<?xml version="1.0" encoding="UTF-8"?>
<testsuite name="Tests" tests="6" skipped="0" failures="0" errors="0" timestamp="2019-12-30T20:58:42" hostname="MSI" time="0.008">
  <properties/>
  <testcase name="testSolutionWithCarmichaelNumber" classname="Tests" time="0.004"/>
  <testcase name="testSolutionWithNegativeNumber" classname="Tests" time="0.0"/>
  <testcase name="testSolutionWithOne" classname="Tests" time="0.0"/>
  <testcase name="testSolutionWithPrimeNumber" classname="Tests" time="0.0"/>
  <testcase name="testSolutionWithCompositeNumber" classname="Tests" time="0.0"/>
  <testcase name="testSolutionWithZero" classname="Tests" time="0.0"/>
  <system-out><![CDATA[]]></system-out>
  <system-err><![CDATA[]]></system-err>
</testsuite>
