<?xml version="1.0" encoding="UTF-8"?>
<testsuite name="Tests" tests="5" skipped="0" failures="0" errors="0" timestamp="2019-12-30T19:25:02" hostname="DESKTOP-5VVSC2K" time="0.014">
  <properties/>
  <testcase name="testSolutionWithReversedArray" classname="Tests" time="0.007"/>
  <testcase name="testSolutionWithPresortedArray" classname="Tests" time="0.001"/>
  <testcase name="testSolutionWithEmptyArray" classname="Tests" time="0.001"/>
  <testcase name="testSolutionWithRandomArray" classname="Tests" time="0.002"/>
  <testcase name="testSolutionWithNullArray" classname="Tests" time="0.002"/>
  <system-out><![CDATA[]]></system-out>
  <system-err><![CDATA[]]></system-err>
</testsuite>
