<?xml version="1.0" encoding="UTF-8"?>
<testsuite name="Tests" tests="7" skipped="0" failures="0" errors="0" timestamp="2019-12-30T20:57:10" hostname="MSI" time="0.014">
  <properties/>
  <testcase name="testSolutionWithValidArrayContainingSomeNulls" classname="Tests" time="0.006"/>
  <testcase name="testSolutionWithValidArrayContainingAllPalindromes" classname="Tests" time="0.0"/>
  <testcase name="testSolutionWithValidArrayContainingNumericPalindromes" classname="Tests" time="0.001"/>
  <testcase name="testSolutionWithValidArrayContainingSomePalindromes" classname="Tests" time="0.001"/>
  <testcase name="testSolutionWithEmptyArray" classname="Tests" time="0.0"/>
  <testcase name="testSolutionWithValidArrayContainingNoPalindromes" classname="Tests" time="0.001"/>
  <testcase name="testSolutionWithNullArray" classname="Tests" time="0.0"/>
  <system-out><![CDATA[]]></system-out>
  <system-err><![CDATA[]]></system-err>
</testsuite>
