<?xml version="1.0" encoding="UTF-8"?>
<testsuite name="Tests" tests="6" skipped="0" failures="0" errors="0" timestamp="2019-12-27T14:22:08" hostname="DESKTOP-78D8MC1" time="0.018">
  <properties/>
  <testcase name="testSolutionWithCarmichaelNumber" classname="Tests" time="0.003"/>
  <testcase name="testSolutionWithNegativeNumber" classname="Tests" time="0.001"/>
  <testcase name="testSolutionWithOne" classname="Tests" time="0.003"/>
  <testcase name="testSolutionWithPrimeNumber" classname="Tests" time="0.004"/>
  <testcase name="testSolutionWithCompositeNumber" classname="Tests" time="0.002"/>
  <testcase name="testSolutionWithZero" classname="Tests" time="0.003"/>
  <system-out><![CDATA[]]></system-out>
  <system-err><![CDATA[]]></system-err>
</testsuite>
