<?xml version="1.0" encoding="UTF-8"?>
<testsuite name="Tests" tests="7" skipped="0" failures="0" errors="0" timestamp="2019-12-30T16:17:51" hostname="DESKTOP-50FTO6E" time="0.016">
  <properties/>
  <testcase name="testSolutionUsingStringWithCapitalizedLetter" classname="Tests" time="0.006"/>
  <testcase name="testSolutionUsingPalindrome" classname="Tests" time="0.001"/>
  <testcase name="testSolutionUsingNullString" classname="Tests" time="0.001"/>
  <testcase name="testSolutionUsingStringWithNewLines" classname="Tests" time="0.0"/>
  <testcase name="testSolutionUsingEmptyString" classname="Tests" time="0.001"/>
  <testcase name="testSolutionUsingSimpleString" classname="Tests" time="0.003"/>
  <testcase name="testSolutionUsingStringWithPunctuationAndSpaces" classname="Tests" time="0.001"/>
  <system-out><![CDATA[]]></system-out>
  <system-err><![CDATA[]]></system-err>
</testsuite>
