<?xml version="1.0" encoding="UTF-8"?>
<testsuite name="Tests" tests="5" skipped="0" failures="0" errors="0" timestamp="2019-12-31T02:37:35" hostname="107-144-156-227.biz.spectrum.com" time="0.033">
  <properties/>
  <testcase name="testSolutionWithEvenNegativeNumber" classname="Tests" time="0.009"/>
  <testcase name="testSolutionWithEvenNumber" classname="Tests" time="0.006"/>
  <testcase name="testSolutionWithOddNegativeNumber" classname="Tests" time="0.01"/>
  <testcase name="testSolutionWithOddNumber" classname="Tests" time="0.002"/>
  <testcase name="testSolutionWithZero" classname="Tests" time="0.003"/>
  <system-out><![CDATA[DO YOU EVEN PRINT?!
]]></system-out>
  <system-err><![CDATA[]]></system-err>
</testsuite>
