<?xml version="1.0" encoding="UTF-8"?>
<testsuite name="Tests" tests="5" skipped="0" failures="0" errors="0" timestamp="2019-12-31T03:56:44" hostname="107-144-156-227.biz.spectrum.com" time="0.029">
  <properties/>
  <testcase name="testSolutionWithValidArrayOfRandomNumbers" classname="Tests" time="0.006"/>
  <testcase name="testSolutionWithEmptyArray" classname="Tests" time="0.001"/>
  <testcase name="testSolutionWithValidArrayContainingOneNumber" classname="Tests" time="0.013"/>
  <testcase name="testSolutionWithValidArrayContainingDuplicatedNumber" classname="Tests" time="0.001"/>
  <testcase name="testSolutionWithNullArray" classname="Tests" time="0.004"/>
  <system-out><![CDATA[]]></system-out>
  <system-err><![CDATA[]]></system-err>
</testsuite>
