<?xml version="1.0" encoding="UTF-8"?>
<testsuite name="Tests" tests="7" skipped="0" failures="0" errors="0" timestamp="2019-12-27T02:39:28" hostname="107-144-156-227.biz.spectrum.com" time="0.051">
  <properties/>
  <testcase name="testSolutionUsingStringWithCapitalizedLetter" classname="Tests" time="0.005"/>
  <testcase name="testSolutionUsingPalindrome" classname="Tests" time="0.0"/>
  <testcase name="testSolutionUsingNullString" classname="Tests" time="0.011"/>
  <testcase name="testSolutionUsingStringWithNewLines" classname="Tests" time="0.0"/>
  <testcase name="testSolutionUsingEmptyString" classname="Tests" time="0.005"/>
  <testcase name="testSolutionUsingSimpleString" classname="Tests" time="0.013"/>
  <testcase name="testSolutionUsingStringWithPunctuationAndSpaces" classname="Tests" time="0.001"/>
  <system-out><![CDATA[]]></system-out>
  <system-err><![CDATA[]]></system-err>
</testsuite>
