<?xml version="1.0" encoding="UTF-8"?>
<testsuite name="Tests" tests="3" skipped="0" failures="0" errors="0" timestamp="2019-12-30T20:40:12" hostname="Anthonys-MacBook-Pro-2661.local" time="0.006">
  <properties/>
  <testcase name="testSolutionWithEmptyArray" classname="Tests" time="0.004"/>
  <testcase name="testSolutionWithValidArray" classname="Tests" time="0.001"/>
  <testcase name="testSolutionWithNullArray" classname="Tests" time="0.001"/>
  <system-out><![CDATA[]]></system-out>
  <system-err><![CDATA[]]></system-err>
</testsuite>
