<?xml version="1.0" encoding="UTF-8"?>
<testsuite name="Tests" tests="8" skipped="0" failures="0" errors="0" timestamp="2019-12-30T18:40:36" hostname="DESKTOP-78D8MC1" time="0.04">
  <properties/>
  <testcase name="testSolutionUsingOnlyWhiteSpace" classname="Tests" time="0.009"/>
  <testcase name="testSolutionUsingNullPhrase" classname="Tests" time="0.002"/>
  <testcase name="testSolutionUsingPhraseWithHyphenatedWord" classname="Tests" time="0.003"/>
  <testcase name="testSolutionUsingPhraseWithAcronym" classname="Tests" time="0.002"/>
  <testcase name="testSolutionUsingPhraseWithExcessWhiteSpace" classname="Tests" time="0.013"/>
  <testcase name="testSolutionUsingEmptyPhrase" classname="Tests" time="0.002"/>
  <testcase name="testSolutionUsingSimplePhrase" classname="Tests" time="0.003"/>
  <testcase name="testSolutionUsingPhraseWithPunctuation" classname="Tests" time="0.004"/>
  <system-out><![CDATA[                 
Phrase trims to empty.  Returning empty string.
null
Phrase is null.  Returning empty string.
Complementary metal-oxide semiconductor
Phrase valid.  Restringing.
Complementary metal-oxide semiconductor
Complementary-metal-oxide-semiconductor
CMOS
YAML Ain't Markup Language
Phrase valid.  Restringing.
YAML Ain't Markup Language
YAML-Ain't-Markup-Language
YAML
    The   quick brown fox  jumped over the lazy  dog    
Phrase valid.  Restringing.
Removing excess white space.
Removing excess white space.
The quick brown fox jumped over the lazy dog
The-quick-brown-fox-jumped-over-the-lazy-dog
TQBFJOTLD

Phrase empty.  Returning empty string.
Simple Object Access Protocol
Phrase valid.  Restringing.
Simple Object Access Protocol
Simple-Object-Access-Protocol
SOAP
First In, First Out
Phrase valid.  Restringing.
First In, First Out
First-In,-First-Out
FIFO
]]></system-out>
  <system-err><![CDATA[]]></system-err>
</testsuite>
