<?xml version="1.0" encoding="UTF-8"?>
<testsuite name="Tests" tests="6" skipped="0" failures="0" errors="0" timestamp="2019-12-30T21:26:36" hostname="Anthonys-MacBook-Pro-2661.local" time="0.047">
  <properties/>
  <testcase name="testPeekWhenStackIsPopulated" classname="Tests" time="0.005"/>
  <testcase name="testPush" classname="Tests" time="0.002"/>
  <testcase name="testSize" classname="Tests" time="0.003"/>
  <testcase name="testPopWhenStackIsEmpty" classname="Tests" time="0.001"/>
  <testcase name="testPopWhenStackIsPopulated" classname="Tests" time="0.006"/>
  <testcase name="testPeekWhenStackIsEmpty" classname="Tests" time="0.008"/>
  <system-out><![CDATA[]]></system-out>
  <system-err><![CDATA[]]></system-err>
</testsuite>
