<?xml version="1.0" encoding="UTF-8"?>
<testsuite name="Tests" tests="7" skipped="0" failures="0" errors="0" timestamp="2019-12-31T02:14:06" hostname="107-144-156-227.biz.spectrum.com" time="0.086">
  <properties/>
  <testcase name="testCountWordsWithEmptyStringArray" classname="Tests" time="0.009"/>
  <testcase name="testExtractTextWithExistingFileContainingText" classname="Tests" time="0.037"/>
  <testcase name="testCountWordsWithValidStringArray" classname="Tests" time="0.026"/>
  <testcase name="testExtractTextWithNullFile" classname="Tests" time="0.003"/>
  <testcase name="testExtractTextWithMissingFile" classname="Tests" time="0.004"/>
  <testcase name="testCountWordsWithNullStringArray" classname="Tests" time="0.0"/>
  <testcase name="testExtractTextWithExistingEmptyFile" classname="Tests" time="0.002"/>
  <system-out><![CDATA[]]></system-out>
  <system-err><![CDATA[File not found
]]></system-err>
</testsuite>
