<?xml version="1.0" encoding="UTF-8"?>
<testsuite name="Tests" tests="3" skipped="0" failures="0" errors="0" timestamp="2019-12-31T01:54:28" hostname="USF-Guest-Wifi-48-140.laptops.usf.edu" time="0.005">
  <properties/>
  <testcase name="testSolutionWithStrings" classname="Tests" time="0.004"/>
  <testcase name="testSolutionWithIntegers" classname="Tests" time="0.0"/>
  <testcase name="ensureNoOverloading" classname="Tests" time="0.001"/>
  <system-out><![CDATA[]]></system-out>
  <system-err><![CDATA[]]></system-err>
</testsuite>
