<?xml version="1.0" encoding="UTF-8"?>
<testsuite name="Tests" tests="3" skipped="0" failures="0" errors="0" timestamp="2019-12-30T20:13:20" hostname="DESKTOP-5VVSC2K" time="0.011">
  <properties/>
  <testcase name="testSolutionWithEmptyArray" classname="Tests" time="0.006"/>
  <testcase name="testSolutionWithValidArray" classname="Tests" time="0.001"/>
  <testcase name="testSolutionWithNullArray" classname="Tests" time="0.002"/>
  <system-out><![CDATA[]]></system-out>
  <system-err><![CDATA[]]></system-err>
</testsuite>
