<?xml version="1.0" encoding="UTF-8"?>
<testsuite name="Tests" tests="8" skipped="0" failures="0" errors="0" timestamp="2019-12-30T21:40:33" hostname="DESKTOP-8OB65G6" time="0.01">
  <properties/>
  <testcase name="testSolutionUsingOnlyWhiteSpace" classname="Tests" time="0.003"/>
  <testcase name="testSolutionUsingNullPhrase" classname="Tests" time="0.001"/>
  <testcase name="testSolutionUsingPhraseWithHyphenatedWord" classname="Tests" time="0.002"/>
  <testcase name="testSolutionUsingPhraseWithAcronym" classname="Tests" time="0.0"/>
  <testcase name="testSolutionUsingPhraseWithExcessWhiteSpace" classname="Tests" time="0.0"/>
  <testcase name="testSolutionUsingEmptyPhrase" classname="Tests" time="0.001"/>
  <testcase name="testSolutionUsingSimplePhrase" classname="Tests" time="0.001"/>
  <testcase name="testSolutionUsingPhraseWithPunctuation" classname="Tests" time="0.0"/>
  <system-out><![CDATA[]]></system-out>
  <system-err><![CDATA[]]></system-err>
</testsuite>
