<?xml version="1.0" encoding="UTF-8"?>
<testsuite name="Tests" tests="5" skipped="0" failures="0" errors="0" timestamp="2019-12-31T01:45:45" hostname="LAPTOP-F0S6CQ8O" time="0.051">
  <properties/>
  <testcase name="testSolutionWithEvenNegativeNumber" classname="Tests" time="0.017"/>
  <testcase name="testSolutionWithEvenNumber" classname="Tests" time="0.015"/>
  <testcase name="testSolutionWithOddNegativeNumber" classname="Tests" time="0.005"/>
  <testcase name="testSolutionWithOddNumber" classname="Tests" time="0.008"/>
  <testcase name="testSolutionWithZero" classname="Tests" time="0.002"/>
  <system-out><![CDATA[DO YOU EVEN PRINT?!
]]></system-out>
  <system-err><![CDATA[]]></system-err>
</testsuite>
