<?xml version="1.0" encoding="UTF-8"?>
<testsuite name="Tests" tests="6" skipped="0" failures="0" errors="0" timestamp="2020-01-03T07:27:35" hostname="DESKTOP-J7I54DS" time="0.018">
  <properties/>
  <testcase name="testPeekWhenStackIsPopulated" classname="Tests" time="0.006"/>
  <testcase name="testPush" classname="Tests" time="0.002"/>
  <testcase name="testSize" classname="Tests" time="0.002"/>
  <testcase name="testPopWhenStackIsEmpty" classname="Tests" time="0.002"/>
  <testcase name="testPopWhenStackIsPopulated" classname="Tests" time="0.001"/>
  <testcase name="testPeekWhenStackIsEmpty" classname="Tests" time="0.002"/>
  <system-out><![CDATA[]]></system-out>
  <system-err><![CDATA[]]></system-err>
</testsuite>
