<?xml version="1.0" encoding="UTF-8"?>
<testsuite name="TaskTest" tests="6" skipped="0" failures="0" errors="0" timestamp="2020-01-03T08:11:11" hostname="DESKTOP-8OB65G6" time="0.006">
  <properties/>
  <testcase name="testSolutionWithEmptyEmployeeList" classname="TaskTest" time="0.001"/>
  <testcase name="testSolutionWithNullEmployeeList" classname="TaskTest" time="0.001"/>
  <testcase name="testSolutionWithPreSortedEmployees" classname="TaskTest" time="0.001"/>
  <testcase name="testSolutionWithReversedEmployeeList" classname="TaskTest" time="0.001"/>
  <testcase name="testSolutionWithRandomEmployeeList" classname="TaskTest" time="0.0"/>
  <testcase name="testSolutionWithEmployeeListContainingSomeNulls" classname="TaskTest" time="0.001"/>
  <system-out><![CDATA[]]></system-out>
  <system-err><![CDATA[]]></system-err>
</testsuite>
