<?xml version="1.0" encoding="UTF-8"?>
<testsuite name="Tests" tests="3" skipped="0" failures="0" errors="0" timestamp="2019-12-31T02:30:50" hostname="LAPTOP-F0S6CQ8O" time="0.02">
  <properties/>
  <testcase name="testSolutionWithStrings" classname="Tests" time="0.018"/>
  <testcase name="testSolutionWithIntegers" classname="Tests" time="0.001"/>
  <testcase name="ensureNoOverloading" classname="Tests" time="0.001"/>
  <system-out><![CDATA[]]></system-out>
  <system-err><![CDATA[]]></system-err>
</testsuite>
