<?xml version="1.0" encoding="UTF-8"?>
<testsuite name="Tests" tests="5" skipped="0" failures="0" errors="0" timestamp="2020-01-03T07:50:26" hostname="DESKTOP-J7I54DS" time="0.091">
  <properties/>
  <testcase name="testSolutionWithNegativeFrequency" classname="Tests" time="0.006"/>
  <testcase name="testSolutionWithValidValues" classname="Tests" time="0.07"/>
  <testcase name="testSolutionWithNegativeRate" classname="Tests" time="0.003"/>
  <testcase name="testSolutionWithNegativeTime" classname="Tests" time="0.003"/>
  <testcase name="testSolutionWithNegativePrincipal" classname="Tests" time="0.003"/>
  <system-out><![CDATA[]]></system-out>
  <system-err><![CDATA[]]></system-err>
</testsuite>
