<?xml version="1.0" encoding="UTF-8"?>
<testsuite name="Tests" tests="7" skipped="0" failures="0" errors="0" timestamp="2019-12-31T05:39:57" hostname="LAPTOP-BU1ED0LM" time="0.025">
  <properties/>
  <testcase name="testCountWordsWithEmptyStringArray" classname="Tests" time="0.008"/>
  <testcase name="testExtractTextWithExistingFileContainingText" classname="Tests" time="0.006"/>
  <testcase name="testCountWordsWithValidStringArray" classname="Tests" time="0.001"/>
  <testcase name="testExtractTextWithNullFile" classname="Tests" time="0.002"/>
  <testcase name="testExtractTextWithMissingFile" classname="Tests" time="0.002"/>
  <testcase name="testCountWordsWithNullStringArray" classname="Tests" time="0.0"/>
  <testcase name="testExtractTextWithExistingEmptyFile" classname="Tests" time="0.001"/>
  <system-out><![CDATA[]]></system-out>
  <system-err><![CDATA[]]></system-err>
</testsuite>
