<?xml version="1.0" encoding="UTF-8"?>
<testsuite name="Tests" tests="7" skipped="0" failures="0" errors="0" timestamp="2020-01-05T19:29:19" hostname="DESKTOP-J7I54DS" time="0.027">
  <properties/>
  <testcase name="testCountWordsWithEmptyStringArray" classname="Tests" time="0.007"/>
  <testcase name="testExtractTextWithExistingFileContainingText" classname="Tests" time="0.005"/>
  <testcase name="testCountWordsWithValidStringArray" classname="Tests" time="0.002"/>
  <testcase name="testExtractTextWithNullFile" classname="Tests" time="0.001"/>
  <testcase name="testExtractTextWithMissingFile" classname="Tests" time="0.005"/>
  <testcase name="testCountWordsWithNullStringArray" classname="Tests" time="0.002"/>
  <testcase name="testExtractTextWithExistingEmptyFile" classname="Tests" time="0.002"/>
  <system-out><![CDATA[]]></system-out>
  <system-err><![CDATA[File missing.txtnot found
]]></system-err>
</testsuite>
