<?xml version="1.0" encoding="UTF-8"?>
<testsuite name="Tests" tests="5" skipped="0" failures="0" errors="0" timestamp="2019-12-31T01:52:53" hostname="LAPTOP-F0S6CQ8O" time="0.029">
  <properties/>
  <testcase name="testSolutionWithValidArrayOfRandomNumbers" classname="Tests" time="0.015"/>
  <testcase name="testSolutionWithEmptyArray" classname="Tests" time="0.002"/>
  <testcase name="testSolutionWithValidArrayContainingOneNumber" classname="Tests" time="0.003"/>
  <testcase name="testSolutionWithValidArrayContainingDuplicatedNumber" classname="Tests" time="0.0"/>
  <testcase name="testSolutionWithNullArray" classname="Tests" time="0.007"/>
  <system-out><![CDATA[]]></system-out>
  <system-err><![CDATA[]]></system-err>
</testsuite>
