<?xml version="1.0" encoding="UTF-8"?>
<testsuite name="Tests" tests="5" skipped="0" failures="0" errors="0" timestamp="2019-12-28T19:43:29" hostname="107-144-156-227.biz.spectrum.com" time="0.041">
  <properties/>
  <testcase name="testSolutionWithNegativeFrequency" classname="Tests" time="0.023"/>
  <testcase name="testSolutionWithValidValues" classname="Tests" time="0.005"/>
  <testcase name="testSolutionWithNegativeRate" classname="Tests" time="0.001"/>
  <testcase name="testSolutionWithNegativeTime" classname="Tests" time="0.008"/>
  <testcase name="testSolutionWithNegativePrincipal" classname="Tests" time="0.002"/>
  <system-out><![CDATA[]]></system-out>
  <system-err><![CDATA[]]></system-err>
</testsuite>
