<?xml version="1.0" encoding="UTF-8"?>
<testsuite name="Tests" tests="7" skipped="0" failures="0" errors="0" timestamp="2019-12-31T02:07:25" hostname="DESKTOP-78D8MC1" time="0.02">
  <properties/>
  <testcase name="testCountWordsWithEmptyStringArray" classname="Tests" time="0.004"/>
  <testcase name="testExtractTextWithExistingFileContainingText" classname="Tests" time="0.003"/>
  <testcase name="testCountWordsWithValidStringArray" classname="Tests" time="0.002"/>
  <testcase name="testExtractTextWithNullFile" classname="Tests" time="0.002"/>
  <testcase name="testExtractTextWithMissingFile" classname="Tests" time="0.002"/>
  <testcase name="testCountWordsWithNullStringArray" classname="Tests" time="0.003"/>
  <testcase name="testExtractTextWithExistingEmptyFile" classname="Tests" time="0.003"/>
  <system-out><![CDATA[]]></system-out>
  <system-err><![CDATA[]]></system-err>
</testsuite>
