<?xml version="1.0" encoding="UTF-8"?>
<testsuite name="Tests" tests="8" skipped="0" failures="0" errors="0" timestamp="2019-12-31T12:55:01" hostname="DESKTOP-50FTO6E" time="0.017">
  <properties/>
  <testcase name="testSolutionUsingOnlyWhiteSpace" classname="Tests" time="0.009"/>
  <testcase name="testSolutionUsingNullPhrase" classname="Tests" time="0.0"/>
  <testcase name="testSolutionUsingPhraseWithHyphenatedWord" classname="Tests" time="0.001"/>
  <testcase name="testSolutionUsingPhraseWithAcronym" classname="Tests" time="0.001"/>
  <testcase name="testSolutionUsingPhraseWithExcessWhiteSpace" classname="Tests" time="0.001"/>
  <testcase name="testSolutionUsingEmptyPhrase" classname="Tests" time="0.001"/>
  <testcase name="testSolutionUsingSimplePhrase" classname="Tests" time="0.001"/>
  <testcase name="testSolutionUsingPhraseWithPunctuation" classname="Tests" time="0.001"/>
  <system-out><![CDATA[]]></system-out>
  <system-err><![CDATA[]]></system-err>
</testsuite>
