<?xml version="1.0" encoding="UTF-8"?>
<testsuite name="Tests" tests="6" skipped="0" failures="0" errors="0" timestamp="2019-12-31T02:20:22" hostname="USF-Guest-Wifi-48-140.laptops.usf.edu" time="0.004">
  <properties/>
  <testcase name="testPeekWhenStackIsPopulated" classname="Tests" time="0.002"/>
  <testcase name="testPush" classname="Tests" time="0.001"/>
  <testcase name="testSize" classname="Tests" time="0.0"/>
  <testcase name="testPopWhenStackIsEmpty" classname="Tests" time="0.001"/>
  <testcase name="testPopWhenStackIsPopulated" classname="Tests" time="0.0"/>
  <testcase name="testPeekWhenStackIsEmpty" classname="Tests" time="0.0"/>
  <system-out><![CDATA[]]></system-out>
  <system-err><![CDATA[]]></system-err>
</testsuite>
