<?xml version="1.0" encoding="UTF-8"?>
<testsuite name="EmployeeTest" tests="5" skipped="0" failures="0" errors="0" timestamp="2019-12-31T04:40:11" hostname="DESKTOP-A4GF959" time="0.007">
  <properties/>
  <testcase name="testToEnsureThatEmployeeCannotBeInstantiatedWithNegativeId" classname="EmployeeTest" time="0.001"/>
  <testcase name="testToEnsureThatEmployeeCannotBeInstantiatedWithNegativeSalary" classname="EmployeeTest" time="0.001"/>
  <testcase name="testIfEmployeeIsProperPojo" classname="EmployeeTest" time="0.0"/>
  <testcase name="testToEnsureThatSalaryCannotBeSetToNegativeNumber" classname="EmployeeTest" time="0.001"/>
  <testcase name="testToEnsureThatIdCannotBeSetToNegativeNumber" classname="EmployeeTest" time="0.001"/>
  <system-out><![CDATA[]]></system-out>
  <system-err><![CDATA[]]></system-err>
</testsuite>
