<?xml version="1.0" encoding="UTF-8"?>
<testsuite name="Tests" tests="3" skipped="0" failures="0" errors="0" timestamp="2019-12-28T16:30:53" hostname="DESKTOP-R0R2739" time="0.024">
  <properties/>
  <testcase name="testSolutionWithStrings" classname="Tests" time="0.016"/>
  <testcase name="testSolutionWithIntegers" classname="Tests" time="0.006"/>
  <testcase name="ensureNoOverloading" classname="Tests" time="0.002"/>
  <system-out><![CDATA[]]></system-out>
  <system-err><![CDATA[]]></system-err>
</testsuite>
