<?xml version="1.0" encoding="UTF-8"?>
<testsuite name="Tests" tests="8" skipped="0" failures="0" errors="0" timestamp="2019-12-31T04:55:43" hostname="107-144-156-227.biz.spectrum.com" time="0.029">
  <properties/>
  <testcase name="testSolutionUsingOnlyWhiteSpace" classname="Tests" time="0.007"/>
  <testcase name="testSolutionUsingNullPhrase" classname="Tests" time="0.001"/>
  <testcase name="testSolutionUsingPhraseWithHyphenatedWord" classname="Tests" time="0.002"/>
  <testcase name="testSolutionUsingPhraseWithAcronym" classname="Tests" time="0.001"/>
  <testcase name="testSolutionUsingPhraseWithExcessWhiteSpace" classname="Tests" time="0.001"/>
  <testcase name="testSolutionUsingEmptyPhrase" classname="Tests" time="0.002"/>
  <testcase name="testSolutionUsingSimplePhrase" classname="Tests" time="0.002"/>
  <testcase name="testSolutionUsingPhraseWithPunctuation" classname="Tests" time="0.008"/>
  <system-out><![CDATA[]]></system-out>
  <system-err><![CDATA[]]></system-err>
</testsuite>
