<?xml version="1.0" encoding="UTF-8"?>
<testsuite name="Tests" tests="7" skipped="0" failures="0" errors="0" timestamp="2019-12-28T23:59:29" hostname="DESKTOP-9VJVNCN" time="0.068">
  <properties/>
  <testcase name="testCountWordsWithEmptyStringArray" classname="Tests" time="0.01"/>
  <testcase name="testExtractTextWithExistingFileContainingText" classname="Tests" time="0.032"/>
  <testcase name="testCountWordsWithValidStringArray" classname="Tests" time="0.006"/>
  <testcase name="testExtractTextWithNullFile" classname="Tests" time="0.003"/>
  <testcase name="testExtractTextWithMissingFile" classname="Tests" time="0.008"/>
  <testcase name="testCountWordsWithNullStringArray" classname="Tests" time="0.002"/>
  <testcase name="testExtractTextWithExistingEmptyFile" classname="Tests" time="0.005"/>
  <system-out><![CDATA[]]></system-out>
  <system-err><![CDATA[File does not exist.
]]></system-err>
</testsuite>
