<?xml version="1.0" encoding="UTF-8"?>
<testsuite name="Tests" tests="5" skipped="0" failures="0" errors="0" timestamp="2020-01-05T04:07:40" hostname="DESKTOP-J7I54DS" time="0.018">
  <properties/>
  <testcase name="testSolutionWithValidArrayOfRandomNumbers" classname="Tests" time="0.009"/>
  <testcase name="testSolutionWithEmptyArray" classname="Tests" time="0.002"/>
  <testcase name="testSolutionWithValidArrayContainingOneNumber" classname="Tests" time="0.001"/>
  <testcase name="testSolutionWithValidArrayContainingDuplicatedNumber" classname="Tests" time="0.002"/>
  <testcase name="testSolutionWithNullArray" classname="Tests" time="0.001"/>
  <system-out><![CDATA[]]></system-out>
  <system-err><![CDATA[]]></system-err>
</testsuite>
