<?xml version="1.0" encoding="UTF-8"?>
<testsuite name="Tests" tests="6" skipped="0" failures="0" errors="0" timestamp="2019-12-23T22:43:11" hostname="DESKTOP-R0R2739" time="0.332">
  <properties/>
  <testcase name="testSolutionWithValidStringAndValidBoundaries" classname="Tests" time="0.311"/>
  <testcase name="testSolutionWithValidStringAndNegativeBoundaries" classname="Tests" time="0.001"/>
  <testcase name="testSolutionWithValidStringAndNegativeStart" classname="Tests" time="0.009"/>
  <testcase name="testSolutionWithNullStringAndValidBoundaries" classname="Tests" time="0.004"/>
  <testcase name="testSolutionWithEmptyStringAndValidBoundaries" classname="Tests" time="0.002"/>
  <testcase name="testSolutionWithValidStringAndEndLessThanStart" classname="Tests" time="0.002"/>
  <system-out><![CDATA[]]></system-out>
  <system-err><![CDATA[]]></system-err>
</testsuite>
