<?xml version="1.0" encoding="UTF-8"?>
<testsuite name="EmployeeComparatorTest" tests="7" skipped="0" failures="0" errors="0" timestamp="2019-12-31T05:54:43" hostname="107-144-156-227.biz.spectrum.com" time="0.011">
  <properties/>
  <testcase name="testCompareWithFirstArgNull" classname="EmployeeComparatorTest" time="0.001"/>
  <testcase name="testCompareWithValidEmployeesFirstArgSalaryIsLess" classname="EmployeeComparatorTest" time="0.001"/>
  <testcase name="testCompareWithNullEmployees" classname="EmployeeComparatorTest" time="0.0"/>
  <testcase name="testIfComparatorIsImplemented" classname="EmployeeComparatorTest" time="0.0"/>
  <testcase name="testCompareWithValidEmployeesFirstArgSalaryIsGreater" classname="EmployeeComparatorTest" time="0.002"/>
  <testcase name="testCompareWithValidEmployeesSameSalaryFirstArgLastNameAlphabeticallyFirst" classname="EmployeeComparatorTest" time="0.001"/>
  <testcase name="testCompareWithSecondArgNull" classname="EmployeeComparatorTest" time="0.001"/>
  <system-out><![CDATA[]]></system-out>
  <system-err><![CDATA[]]></system-err>
</testsuite>
