<?xml version="1.0" encoding="UTF-8"?>
<testsuite name="Tests" tests="3" skipped="0" failures="0" errors="0" timestamp="2019-12-31T01:50:48" hostname="LAPTOP-RT3C5B55" time="0.01">
  <properties/>
  <testcase name="testSolutionWithEmptyArray" classname="Tests" time="0.007"/>
  <testcase name="testSolutionWithValidArray" classname="Tests" time="0.001"/>
  <testcase name="testSolutionWithNullArray" classname="Tests" time="0.001"/>
  <system-out><![CDATA[]]></system-out>
  <system-err><![CDATA[]]></system-err>
</testsuite>
