<?xml version="1.0" encoding="UTF-8"?>
<testsuite name="Tests" tests="6" skipped="0" failures="0" errors="0" timestamp="2019-12-31T05:54:24" hostname="LAPTOP-BU1ED0LM" time="0.018">
  <properties/>
  <testcase name="testPeekWhenStackIsPopulated" classname="Tests" time="0.008"/>
  <testcase name="testPush" classname="Tests" time="0.0"/>
  <testcase name="testSize" classname="Tests" time="0.001"/>
  <testcase name="testPopWhenStackIsEmpty" classname="Tests" time="0.001"/>
  <testcase name="testPopWhenStackIsPopulated" classname="Tests" time="0.001"/>
  <testcase name="testPeekWhenStackIsEmpty" classname="Tests" time="0.002"/>
  <system-out><![CDATA[]]></system-out>
  <system-err><![CDATA[]]></system-err>
</testsuite>
