<?xml version="1.0" encoding="UTF-8"?>
<testsuite name="Tests" tests="5" skipped="0" failures="0" errors="0" timestamp="2019-12-30T19:17:25" hostname="DESKTOP-5VVSC2K" time="0.01">
  <properties/>
  <testcase name="testSolutionWithEvenNegativeNumber" classname="Tests" time="0.005"/>
  <testcase name="testSolutionWithEvenNumber" classname="Tests" time="0.002"/>
  <testcase name="testSolutionWithOddNegativeNumber" classname="Tests" time="0.001"/>
  <testcase name="testSolutionWithOddNumber" classname="Tests" time="0.001"/>
  <testcase name="testSolutionWithZero" classname="Tests" time="0.0"/>
  <system-out><![CDATA[DO YOU EVEN PRINT?!
]]></system-out>
  <system-err><![CDATA[]]></system-err>
</testsuite>
