<?xml version="1.0" encoding="UTF-8"?>
<testsuite name="Tests" tests="1" skipped="0" failures="0" errors="0" timestamp="2019-12-27T03:04:14" hostname="LAPTOP-F0S6CQ8O" time="0.008">
  <properties/>
  <testcase name="testSolution" classname="Tests" time="0.008"/>
  <system-out><![CDATA[]]></system-out>
  <system-err><![CDATA[]]></system-err>
</testsuite>
