<?xml version="1.0" encoding="UTF-8"?>
<testsuite name="Tests" tests="1" skipped="0" failures="0" errors="0" timestamp="2019-12-23T19:22:50" hostname="DESKTOP-R0R2739" time="0.014">
  <properties/>
  <testcase name="testSolution" classname="Tests" time="0.014"/>
  <system-out><![CDATA[]]></system-out>
  <system-err><![CDATA[]]></system-err>
</testsuite>
