<?xml version="1.0" encoding="UTF-8"?>
<testsuite name="Tests" tests="5" skipped="0" failures="0" errors="0" timestamp="2019-12-31T01:09:00" hostname="107-144-156-227.biz.spectrum.com" time="0.033">
  <properties/>
  <testcase name="testSolutionWithReversedArray" classname="Tests" time="0.008"/>
  <testcase name="testSolutionWithPresortedArray" classname="Tests" time="0.001"/>
  <testcase name="testSolutionWithEmptyArray" classname="Tests" time="0.013"/>
  <testcase name="testSolutionWithRandomArray" classname="Tests" time="0.002"/>
  <testcase name="testSolutionWithNullArray" classname="Tests" time="0.001"/>
  <system-out><![CDATA[]]></system-out>
  <system-err><![CDATA[]]></system-err>
</testsuite>
