<?xml version="1.0" encoding="UTF-8"?>
<testsuite name="Tests" tests="4" skipped="0" failures="0" errors="0" timestamp="2019-12-23T16:56:03" hostname="DESKTOP-R0R2739" time="0.026">
  <properties/>
  <testcase name="testSolutionWithValidTestFile" classname="Tests" time="0.012"/>
  <testcase name="testSolutionWithEmptyFile" classname="Tests" time="0.002"/>
  <testcase name="testSolutionWithNullFile" classname="Tests" time="0.008"/>
  <testcase name="testSolutionWithNonExistentFile" classname="Tests" time="0.002"/>
  <system-out><![CDATA[]]></system-out>
  <system-err><![CDATA[Invalid file provided!
Invalid file provided!
]]></system-err>
</testsuite>
