<?xml version="1.0" encoding="UTF-8"?>
<testsuite name="Tests" tests="6" skipped="0" failures="0" errors="0" timestamp="2020-01-05T04:10:18" hostname="DESKTOP-J7I54DS" time="0.365">
  <properties/>
  <testcase name="testSolutionWithValidStringAndValidBoundaries" classname="Tests" time="0.353"/>
  <testcase name="testSolutionWithValidStringAndNegativeBoundaries" classname="Tests" time="0.002"/>
  <testcase name="testSolutionWithValidStringAndNegativeStart" classname="Tests" time="0.001"/>
  <testcase name="testSolutionWithNullStringAndValidBoundaries" classname="Tests" time="0.002"/>
  <testcase name="testSolutionWithEmptyStringAndValidBoundaries" classname="Tests" time="0.002"/>
  <testcase name="testSolutionWithValidStringAndEndLessThanStart" classname="Tests" time="0.001"/>
  <system-out><![CDATA[]]></system-out>
  <system-err><![CDATA[]]></system-err>
</testsuite>
