<?xml version="1.0" encoding="UTF-8"?>
<testsuite name="Tests" tests="6" skipped="0" failures="0" errors="0" timestamp="2019-12-30T19:20:49" hostname="LAPTOP-BU1ED0LM" time="0.019">
  <properties/>
  <testcase name="testSolutionWithCarmichaelNumber" classname="Tests" time="0.009"/>
  <testcase name="testSolutionWithNegativeNumber" classname="Tests" time="0.001"/>
  <testcase name="testSolutionWithOne" classname="Tests" time="0.001"/>
  <testcase name="testSolutionWithPrimeNumber" classname="Tests" time="0.001"/>
  <testcase name="testSolutionWithCompositeNumber" classname="Tests" time="0.002"/>
  <testcase name="testSolutionWithZero" classname="Tests" time="0.001"/>
  <system-out><![CDATA[]]></system-out>
  <system-err><![CDATA[]]></system-err>
</testsuite>
