<?xml version="1.0" encoding="UTF-8"?>
<testsuite name="Tests" tests="5" skipped="0" failures="0" errors="0" timestamp="2019-12-31T01:39:28" hostname="USF-Guest-Wifi-48-140.laptops.usf.edu" time="0.007">
  <properties/>
  <testcase name="testSolutionWithNegativeFrequency" classname="Tests" time="0.003"/>
  <testcase name="testSolutionWithValidValues" classname="Tests" time="0.002"/>
  <testcase name="testSolutionWithNegativeRate" classname="Tests" time="0.001"/>
  <testcase name="testSolutionWithNegativeTime" classname="Tests" time="0.0"/>
  <testcase name="testSolutionWithNegativePrincipal" classname="Tests" time="0.001"/>
  <system-out><![CDATA[]]></system-out>
  <system-err><![CDATA[]]></system-err>
</testsuite>
