<?xml version="1.0" encoding="UTF-8"?>
<testsuite name="EmployeeTest" tests="5" skipped="0" failures="0" errors="0" timestamp="2019-12-28T17:22:35" hostname="DESKTOP-R0R2739" time="0.02">
  <properties/>
  <testcase name="testToEnsureThatEmployeeCannotBeInstantiatedWithNegativeId" classname="EmployeeTest" time="0.001"/>
  <testcase name="testToEnsureThatEmployeeCannotBeInstantiatedWithNegativeSalary" classname="EmployeeTest" time="0.001"/>
  <testcase name="testIfEmployeeIsProperPojo" classname="EmployeeTest" time="0.001"/>
  <testcase name="testToEnsureThatSalaryCannotBeSetToNegativeNumber" classname="EmployeeTest" time="0.012"/>
  <testcase name="testToEnsureThatIdCannotBeSetToNegativeNumber" classname="EmployeeTest" time="0.001"/>
  <system-out><![CDATA[]]></system-out>
  <system-err><![CDATA[]]></system-err>
</testsuite>
