<?xml version="1.0" encoding="UTF-8"?>
<testsuite name="Tests" tests="3" skipped="0" failures="0" errors="0" timestamp="2019-12-30T18:18:28" hostname="DESKTOP-78D8MC1" time="0.016">
  <properties/>
  <testcase name="testSolutionWithStrings" classname="Tests" time="0.009"/>
  <testcase name="testSolutionWithIntegers" classname="Tests" time="0.005"/>
  <testcase name="ensureNoOverloading" classname="Tests" time="0.0"/>
  <system-out><![CDATA[]]></system-out>
  <system-err><![CDATA[]]></system-err>
</testsuite>
