<?xml version="1.0" encoding="UTF-8"?>
<testsuite name="TaskTest" tests="6" skipped="0" failures="0" errors="0" timestamp="2020-01-06T01:35:36" hostname="DESKTOP-J7I54DS" time="0.013">
  <properties/>
  <testcase name="testSolutionWithEmptyEmployeeList" classname="TaskTest" time="0.002"/>
  <testcase name="testSolutionWithNullEmployeeList" classname="TaskTest" time="0.001"/>
  <testcase name="testSolutionWithPreSortedEmployees" classname="TaskTest" time="0.002"/>
  <testcase name="testSolutionWithReversedEmployeeList" classname="TaskTest" time="0.002"/>
  <testcase name="testSolutionWithRandomEmployeeList" classname="TaskTest" time="0.002"/>
  <testcase name="testSolutionWithEmployeeListContainingSomeNulls" classname="TaskTest" time="0.001"/>
  <system-out><![CDATA[]]></system-out>
  <system-err><![CDATA[]]></system-err>
</testsuite>
