<?xml version="1.0" encoding="UTF-8"?>
<testsuite name="TaskTest" tests="6" skipped="0" failures="0" errors="0" timestamp="2019-12-30T21:17:53" hostname="DESKTOP-5VVSC2K" time="0.007">
  <properties/>
  <testcase name="testSolutionWithEmptyEmployeeList" classname="TaskTest" time="0.0"/>
  <testcase name="testSolutionWithNullEmployeeList" classname="TaskTest" time="0.0"/>
  <testcase name="testSolutionWithPreSortedEmployees" classname="TaskTest" time="0.0"/>
  <testcase name="testSolutionWithReversedEmployeeList" classname="TaskTest" time="0.001"/>
  <testcase name="testSolutionWithRandomEmployeeList" classname="TaskTest" time="0.001"/>
  <testcase name="testSolutionWithEmployeeListContainingSomeNulls" classname="TaskTest" time="0.001"/>
  <system-out><![CDATA[]]></system-out>
  <system-err><![CDATA[]]></system-err>
</testsuite>
