<?xml version="1.0" encoding="UTF-8"?>
<testsuite name="EmployeeTest" tests="5" skipped="0" failures="0" errors="0" timestamp="2019-12-30T21:17:53" hostname="DESKTOP-5VVSC2K" time="0.006">
  <properties/>
  <testcase name="testToEnsureThatEmployeeCannotBeInstantiatedWithNegativeId" classname="EmployeeTest" time="0.001"/>
  <testcase name="testToEnsureThatEmployeeCannotBeInstantiatedWithNegativeSalary" classname="EmployeeTest" time="0.002"/>
  <testcase name="testIfEmployeeIsProperPojo" classname="EmployeeTest" time="0.001"/>
  <testcase name="testToEnsureThatSalaryCannotBeSetToNegativeNumber" classname="EmployeeTest" time="0.0"/>
  <testcase name="testToEnsureThatIdCannotBeSetToNegativeNumber" classname="EmployeeTest" time="0.0"/>
  <system-out><![CDATA[]]></system-out>
  <system-err><![CDATA[]]></system-err>
</testsuite>
