<?xml version="1.0" encoding="UTF-8"?>
<testsuite name="Tests" tests="5" skipped="0" failures="0" errors="0" timestamp="2019-12-27T21:00:45" hostname="LAPTOP-RT3C5B55" time="0.011">
  <properties/>
  <testcase name="testSolutionWithReversedArray" classname="Tests" time="0.007"/>
  <testcase name="testSolutionWithPresortedArray" classname="Tests" time="0.0"/>
  <testcase name="testSolutionWithEmptyArray" classname="Tests" time="0.001"/>
  <testcase name="testSolutionWithRandomArray" classname="Tests" time="0.001"/>
  <testcase name="testSolutionWithNullArray" classname="Tests" time="0.001"/>
  <system-out><![CDATA[]]></system-out>
  <system-err><![CDATA[]]></system-err>
</testsuite>
