<?xml version="1.0" encoding="UTF-8"?>
<testsuite name="Tests" tests="6" skipped="0" failures="0" errors="0" timestamp="2019-12-31T04:49:36" hostname="DESKTOP-A4GF959" time="0.013">
  <properties/>
  <testcase name="testPeekWhenStackIsPopulated" classname="Tests" time="0.006"/>
  <testcase name="testPush" classname="Tests" time="0.001"/>
  <testcase name="testSize" classname="Tests" time="0.0"/>
  <testcase name="testPopWhenStackIsEmpty" classname="Tests" time="0.001"/>
  <testcase name="testPopWhenStackIsPopulated" classname="Tests" time="0.0"/>
  <testcase name="testPeekWhenStackIsEmpty" classname="Tests" time="0.001"/>
  <system-out><![CDATA[]]></system-out>
  <system-err><![CDATA[]]></system-err>
</testsuite>
