<?xml version="1.0" encoding="UTF-8"?>
<testsuite name="Tests" tests="7" skipped="0" failures="0" errors="0" timestamp="2019-12-31T03:23:36" hostname="107-144-156-227.biz.spectrum.com" time="0.03">
  <properties/>
  <testcase name="testSolutionWithValidArrayContainingSomeNulls" classname="Tests" time="0.007"/>
  <testcase name="testSolutionWithValidArrayContainingAllPalindromes" classname="Tests" time="0.011"/>
  <testcase name="testSolutionWithValidArrayContainingNumericPalindromes" classname="Tests" time="0.001"/>
  <testcase name="testSolutionWithValidArrayContainingSomePalindromes" classname="Tests" time="0.001"/>
  <testcase name="testSolutionWithEmptyArray" classname="Tests" time="0.002"/>
  <testcase name="testSolutionWithValidArrayContainingNoPalindromes" classname="Tests" time="0.003"/>
  <testcase name="testSolutionWithNullArray" classname="Tests" time="0.001"/>
  <system-out><![CDATA[]]></system-out>
  <system-err><![CDATA[]]></system-err>
</testsuite>
