<?xml version="1.0" encoding="UTF-8"?>
<testsuite name="Tests" tests="5" skipped="0" failures="0" errors="0" timestamp="2019-12-30T20:47:54" hostname="DESKTOP-8OB65G6" time="0.009">
  <properties/>
  <testcase name="testSolutionWithEvenNegativeNumber" classname="Tests" time="0.004"/>
  <testcase name="testSolutionWithEvenNumber" classname="Tests" time="0.002"/>
  <testcase name="testSolutionWithOddNegativeNumber" classname="Tests" time="0.0"/>
  <testcase name="testSolutionWithOddNumber" classname="Tests" time="0.0"/>
  <testcase name="testSolutionWithZero" classname="Tests" time="0.0"/>
  <system-out><![CDATA[DO YOU EVEN PRINT?!
]]></system-out>
  <system-err><![CDATA[]]></system-err>
</testsuite>
