<?xml version="1.0" encoding="UTF-8"?>
<testsuite name="Tests" tests="5" skipped="0" failures="0" errors="0" timestamp="2019-12-30T20:44:39" hostname="Anthonys-MacBook-Pro-2661.local" time="0.011">
  <properties/>
  <testcase name="testSolutionWithEvenNegativeNumber" classname="Tests" time="0.004"/>
  <testcase name="testSolutionWithEvenNumber" classname="Tests" time="0.005"/>
  <testcase name="testSolutionWithOddNegativeNumber" classname="Tests" time="0.001"/>
  <testcase name="testSolutionWithOddNumber" classname="Tests" time="0.0"/>
  <testcase name="testSolutionWithZero" classname="Tests" time="0.0"/>
  <system-out><![CDATA[DO YOU EVEN PRINT?!
]]></system-out>
  <system-err><![CDATA[]]></system-err>
</testsuite>
