<?xml version="1.0" encoding="UTF-8"?>
<testsuite name="Tests" tests="7" skipped="0" failures="0" errors="0" timestamp="2019-12-31T05:42:57" hostname="DESKTOP-8OB65G6" time="0.025">
  <properties/>
  <testcase name="testCountWordsWithEmptyStringArray" classname="Tests" time="0.004"/>
  <testcase name="testExtractTextWithExistingFileContainingText" classname="Tests" time="0.013"/>
  <testcase name="testCountWordsWithValidStringArray" classname="Tests" time="0.0"/>
  <testcase name="testExtractTextWithNullFile" classname="Tests" time="0.0"/>
  <testcase name="testExtractTextWithMissingFile" classname="Tests" time="0.002"/>
  <testcase name="testCountWordsWithNullStringArray" classname="Tests" time="0.001"/>
  <testcase name="testExtractTextWithExistingEmptyFile" classname="Tests" time="0.001"/>
  <system-out><![CDATA[resources\missing.txt (The system cannot find the file specified)
]]></system-out>
  <system-err><![CDATA[]]></system-err>
</testsuite>
