<?xml version="1.0" encoding="UTF-8"?>
<testsuite name="EmployeeTest" tests="5" skipped="0" failures="0" errors="0" timestamp="2019-12-30T22:10:25" hostname="USF-Guest-Wifi-48-140.laptops.usf.edu" time="0.003">
  <properties/>
  <testcase name="testToEnsureThatEmployeeCannotBeInstantiatedWithNegativeId" classname="EmployeeTest" time="0.002"/>
  <testcase name="testToEnsureThatEmployeeCannotBeInstantiatedWithNegativeSalary" classname="EmployeeTest" time="0.0"/>
  <testcase name="testIfEmployeeIsProperPojo" classname="EmployeeTest" time="0.001"/>
  <testcase name="testToEnsureThatSalaryCannotBeSetToNegativeNumber" classname="EmployeeTest" time="0.0"/>
  <testcase name="testToEnsureThatIdCannotBeSetToNegativeNumber" classname="EmployeeTest" time="0.0"/>
  <system-out><![CDATA[]]></system-out>
  <system-err><![CDATA[]]></system-err>
</testsuite>
