<?xml version="1.0" encoding="UTF-8"?>
<testsuite name="Tests" tests="1" skipped="0" failures="0" errors="0" timestamp="2019-12-23T16:35:48" hostname="LAPTOP-BU1ED0LM" time="0.02">
  <properties/>
  <testcase name="testSolution" classname="Tests" time="0.02"/>
  <system-out><![CDATA[]]></system-out>
  <system-err><![CDATA[]]></system-err>
</testsuite>
