<?xml version="1.0" encoding="UTF-8"?>
<testsuite name="Tests" tests="3" skipped="0" failures="0" errors="0" timestamp="2019-12-31T05:09:22" hostname="DESKTOP-8OB65G6" time="0.014">
  <properties/>
  <testcase name="testSolutionWithStrings" classname="Tests" time="0.012"/>
  <testcase name="testSolutionWithIntegers" classname="Tests" time="0.0"/>
  <testcase name="ensureNoOverloading" classname="Tests" time="0.0"/>
  <system-out><![CDATA[]]></system-out>
  <system-err><![CDATA[]]></system-err>
</testsuite>
