<?xml version="1.0" encoding="UTF-8"?>
<testsuite name="Tests" tests="3" skipped="0" failures="0" errors="0" timestamp="2019-12-28T01:13:52" hostname="DESKTOP-9VJVNCN" time="0.021">
  <properties/>
  <testcase name="testSolutionWithEmptyArray" classname="Tests" time="0.008"/>
  <testcase name="testSolutionWithValidArray" classname="Tests" time="0.01"/>
  <testcase name="testSolutionWithNullArray" classname="Tests" time="0.002"/>
  <system-out><![CDATA[]]></system-out>
  <system-err><![CDATA[]]></system-err>
</testsuite>
