<?xml version="1.0" encoding="UTF-8"?>
<testsuite name="Tests" tests="8" skipped="0" failures="0" errors="0" timestamp="2019-12-31T00:50:04" hostname="DESKTOP-9VJVNCN" time="0.054">
  <properties/>
  <testcase name="testSolutionUsingOnlyWhiteSpace" classname="Tests" time="0.02"/>
  <testcase name="testSolutionUsingNullPhrase" classname="Tests" time="0.004"/>
  <testcase name="testSolutionUsingPhraseWithHyphenatedWord" classname="Tests" time="0.004"/>
  <testcase name="testSolutionUsingPhraseWithAcronym" classname="Tests" time="0.007"/>
  <testcase name="testSolutionUsingPhraseWithExcessWhiteSpace" classname="Tests" time="0.006"/>
  <testcase name="testSolutionUsingEmptyPhrase" classname="Tests" time="0.001"/>
  <testcase name="testSolutionUsingSimplePhrase" classname="Tests" time="0.003"/>
  <testcase name="testSolutionUsingPhraseWithPunctuation" classname="Tests" time="0.005"/>
  <system-out><![CDATA[]]></system-out>
  <system-err><![CDATA[]]></system-err>
</testsuite>
