<?xml version="1.0" encoding="UTF-8"?>
<testsuite name="Tests" tests="5" skipped="0" failures="0" errors="0" timestamp="2019-12-24T15:11:13" hostname="DESKTOP-R0R2739" time="0.037">
  <properties/>
  <testcase name="testSolutionWithNegativeFrequency" classname="Tests" time="0.008"/>
  <testcase name="testSolutionWithValidValues" classname="Tests" time="0.022"/>
  <testcase name="testSolutionWithNegativeRate" classname="Tests" time="0.002"/>
  <testcase name="testSolutionWithNegativeTime" classname="Tests" time="0.002"/>
  <testcase name="testSolutionWithNegativePrincipal" classname="Tests" time="0.001"/>
  <system-out><![CDATA[]]></system-out>
  <system-err><![CDATA[]]></system-err>
</testsuite>
