<?xml version="1.0" encoding="UTF-8"?>
<testsuite name="Tests" tests="3" skipped="0" failures="0" errors="0" timestamp="2019-12-31T05:08:56" hostname="107-144-156-227.biz.spectrum.com" time="0.027">
  <properties/>
  <testcase name="testSolutionWithStrings" classname="Tests" time="0.018"/>
  <testcase name="testSolutionWithIntegers" classname="Tests" time="0.002"/>
  <testcase name="ensureNoOverloading" classname="Tests" time="0.005"/>
  <system-out><![CDATA[]]></system-out>
  <system-err><![CDATA[]]></system-err>
</testsuite>
