<?xml version="1.0" encoding="UTF-8"?>
<testsuite name="Tests" tests="7" skipped="0" failures="0" errors="0" timestamp="2019-12-30T19:03:10" hostname="DESKTOP-5VVSC2K" time="0.037">
  <properties/>
  <testcase name="testCountWordsWithEmptyStringArray" classname="Tests" time="0.005"/>
  <testcase name="testExtractTextWithExistingFileContainingText" classname="Tests" time="0.02"/>
  <testcase name="testCountWordsWithValidStringArray" classname="Tests" time="0.001"/>
  <testcase name="testExtractTextWithNullFile" classname="Tests" time="0.001"/>
  <testcase name="testExtractTextWithMissingFile" classname="Tests" time="0.005"/>
  <testcase name="testCountWordsWithNullStringArray" classname="Tests" time="0.0"/>
  <testcase name="testExtractTextWithExistingEmptyFile" classname="Tests" time="0.001"/>
  <system-out><![CDATA[]]></system-out>
  <system-err><![CDATA[No file found with name: missing.txt
]]></system-err>
</testsuite>
