<?xml version="1.0" encoding="UTF-8"?>
<testsuite name="Tests" tests="3" skipped="0" failures="0" errors="0" timestamp="2019-12-31T05:19:08" hostname="DESKTOP-J7I54DS" time="0.021">
  <properties/>
  <testcase name="testSolutionWithStrings" classname="Tests" time="0.016"/>
  <testcase name="testSolutionWithIntegers" classname="Tests" time="0.002"/>
  <testcase name="ensureNoOverloading" classname="Tests" time="0.002"/>
  <system-out><![CDATA[]]></system-out>
  <system-err><![CDATA[]]></system-err>
</testsuite>
