<?xml version="1.0" encoding="UTF-8"?>
<testsuite name="Tests" tests="3" skipped="0" failures="0" errors="0" timestamp="2019-12-31T04:29:04" hostname="107-144-156-227.biz.spectrum.com" time="0.023">
  <properties/>
  <testcase name="testSolutionWithStrings" classname="Tests" time="0.013"/>
  <testcase name="testSolutionWithIntegers" classname="Tests" time="0.001"/>
  <testcase name="ensureNoOverloading" classname="Tests" time="0.007"/>
  <system-out><![CDATA[]]></system-out>
  <system-err><![CDATA[]]></system-err>
</testsuite>
