<?xml version="1.0" encoding="UTF-8"?>
<testsuite name="Tests" tests="1" skipped="0" failures="0" errors="0" timestamp="2019-12-30T14:48:32" hostname="DESKTOP-5VVSC2K" time="0.017">
  <properties/>
  <testcase name="testSolution" classname="Tests" time="0.017"/>
  <system-out><![CDATA[]]></system-out>
  <system-err><![CDATA[]]></system-err>
</testsuite>
