<?xml version="1.0" encoding="UTF-8"?>
<testsuite name="Tests" tests="6" skipped="0" failures="0" errors="0" timestamp="2019-12-31T03:24:21" hostname="DESKTOP-A4GF959" time="0.563">
  <properties/>
  <testcase name="testSolutionWithValidStringAndValidBoundaries" classname="Tests" time="0.549"/>
  <testcase name="testSolutionWithValidStringAndNegativeBoundaries" classname="Tests" time="0.002"/>
  <testcase name="testSolutionWithValidStringAndNegativeStart" classname="Tests" time="0.001"/>
  <testcase name="testSolutionWithNullStringAndValidBoundaries" classname="Tests" time="0.003"/>
  <testcase name="testSolutionWithEmptyStringAndValidBoundaries" classname="Tests" time="0.002"/>
  <testcase name="testSolutionWithValidStringAndEndLessThanStart" classname="Tests" time="0.003"/>
  <system-out><![CDATA[]]></system-out>
  <system-err><![CDATA[]]></system-err>
</testsuite>
