<?xml version="1.0" encoding="UTF-8"?>
<testsuite name="Tests" tests="5" skipped="0" failures="0" errors="0" timestamp="2019-12-31T04:59:40" hostname="LAPTOP-BU1ED0LM" time="0.048">
  <properties/>
  <testcase name="testSolutionWithNegativeFrequency" classname="Tests" time="0.008"/>
  <testcase name="testSolutionWithValidValues" classname="Tests" time="0.029"/>
  <testcase name="testSolutionWithNegativeRate" classname="Tests" time="0.004"/>
  <testcase name="testSolutionWithNegativeTime" classname="Tests" time="0.002"/>
  <testcase name="testSolutionWithNegativePrincipal" classname="Tests" time="0.001"/>
  <system-out><![CDATA[]]></system-out>
  <system-err><![CDATA[]]></system-err>
</testsuite>
