<?xml version="1.0" encoding="UTF-8"?>
<testsuite name="Tests" tests="5" skipped="0" failures="0" errors="0" timestamp="2020-01-03T16:21:47" hostname="DESKTOP-9VJVNCN" time="0.231">
  <properties/>
  <testcase name="testSolutionWithNegativeFrequency" classname="Tests" time="0.009"/>
  <testcase name="testSolutionWithValidValues" classname="Tests" time="0.192"/>
  <testcase name="testSolutionWithNegativeRate" classname="Tests" time="0.009"/>
  <testcase name="testSolutionWithNegativeTime" classname="Tests" time="0.008"/>
  <testcase name="testSolutionWithNegativePrincipal" classname="Tests" time="0.011"/>
  <system-out><![CDATA[]]></system-out>
  <system-err><![CDATA[]]></system-err>
</testsuite>
