<?xml version="1.0" encoding="UTF-8"?>
<testsuite name="EmployeeComparatorTest" tests="7" skipped="0" failures="0" errors="0" timestamp="2019-12-31T01:49:25" hostname="MSI" time="0.012">
  <properties/>
  <testcase name="testCompareWithFirstArgNull" classname="EmployeeComparatorTest" time="0.005"/>
  <testcase name="testCompareWithValidEmployeesFirstArgSalaryIsLess" classname="EmployeeComparatorTest" time="0.001"/>
  <testcase name="testCompareWithNullEmployees" classname="EmployeeComparatorTest" time="0.001"/>
  <testcase name="testIfComparatorIsImplemented" classname="EmployeeComparatorTest" time="0.001"/>
  <testcase name="testCompareWithValidEmployeesFirstArgSalaryIsGreater" classname="EmployeeComparatorTest" time="0.0"/>
  <testcase name="testCompareWithValidEmployeesSameSalaryFirstArgLastNameAlphabeticallyFirst" classname="EmployeeComparatorTest" time="0.001"/>
  <testcase name="testCompareWithSecondArgNull" classname="EmployeeComparatorTest" time="0.001"/>
  <system-out><![CDATA[]]></system-out>
  <system-err><![CDATA[]]></system-err>
</testsuite>
