<?xml version="1.0" encoding="UTF-8"?>
<testsuite name="Tests" tests="5" skipped="0" failures="0" errors="0" timestamp="2019-12-27T14:32:00" hostname="DESKTOP-78D8MC1" time="0.009">
  <properties/>
  <testcase name="testSolutionWithValidArrayOfRandomNumbers" classname="Tests" time="0.004"/>
  <testcase name="testSolutionWithEmptyArray" classname="Tests" time="0.001"/>
  <testcase name="testSolutionWithValidArrayContainingOneNumber" classname="Tests" time="0.001"/>
  <testcase name="testSolutionWithValidArrayContainingDuplicatedNumber" classname="Tests" time="0.001"/>
  <testcase name="testSolutionWithNullArray" classname="Tests" time="0.0"/>
  <system-out><![CDATA[]]></system-out>
  <system-err><![CDATA[]]></system-err>
</testsuite>
