<?xml version="1.0" encoding="UTF-8"?>
<testsuite name="Tests" tests="5" skipped="0" failures="0" errors="0" timestamp="2019-12-30T21:48:52" hostname="USF-Guest-Wifi-48-140.laptops.usf.edu" time="0.006">
  <properties/>
  <testcase name="testSolutionWithEvenNegativeNumber" classname="Tests" time="0.002"/>
  <testcase name="testSolutionWithEvenNumber" classname="Tests" time="0.002"/>
  <testcase name="testSolutionWithOddNegativeNumber" classname="Tests" time="0.0"/>
  <testcase name="testSolutionWithOddNumber" classname="Tests" time="0.0"/>
  <testcase name="testSolutionWithZero" classname="Tests" time="0.001"/>
  <system-out><![CDATA[DO YOU EVEN PRINT?!
]]></system-out>
  <system-err><![CDATA[]]></system-err>
</testsuite>
