<?xml version="1.0" encoding="UTF-8"?>
<testsuite name="Tests" tests="7" skipped="0" failures="0" errors="0" timestamp="2019-12-23T19:32:48" hostname="LAPTOP-BU1ED0LM" time="0.022">
  <properties/>
  <testcase name="testSolutionUsingStringWithCapitalizedLetter" classname="Tests" time="0.009"/>
  <testcase name="testSolutionUsingPalindrome" classname="Tests" time="0.002"/>
  <testcase name="testSolutionUsingNullString" classname="Tests" time="0.001"/>
  <testcase name="testSolutionUsingStringWithNewLines" classname="Tests" time="0.002"/>
  <testcase name="testSolutionUsingEmptyString" classname="Tests" time="0.002"/>
  <testcase name="testSolutionUsingSimpleString" classname="Tests" time="0.001"/>
  <testcase name="testSolutionUsingStringWithPunctuationAndSpaces" classname="Tests" time="0.001"/>
  <system-out><![CDATA[]]></system-out>
  <system-err><![CDATA[]]></system-err>
</testsuite>
