<?xml version="1.0" encoding="UTF-8"?>
<testsuite name="Tests" tests="5" skipped="0" failures="0" errors="0" timestamp="2019-12-30T20:59:15" hostname="MSI" time="0.01">
  <properties/>
  <testcase name="testSolutionWithValidArrayOfRandomNumbers" classname="Tests" time="0.006"/>
  <testcase name="testSolutionWithEmptyArray" classname="Tests" time="0.001"/>
  <testcase name="testSolutionWithValidArrayContainingOneNumber" classname="Tests" time="0.001"/>
  <testcase name="testSolutionWithValidArrayContainingDuplicatedNumber" classname="Tests" time="0.001"/>
  <testcase name="testSolutionWithNullArray" classname="Tests" time="0.001"/>
  <system-out><![CDATA[]]></system-out>
  <system-err><![CDATA[]]></system-err>
</testsuite>
