<?xml version="1.0" encoding="UTF-8"?>
<testsuite name="Tests" tests="3" skipped="0" failures="0" errors="0" timestamp="2019-12-30T21:48:05" hostname="DESKTOP-8OB65G6" time="0.006">
  <properties/>
  <testcase name="testSolutionWithEmptyArray" classname="Tests" time="0.005"/>
  <testcase name="testSolutionWithValidArray" classname="Tests" time="0.0"/>
  <testcase name="testSolutionWithNullArray" classname="Tests" time="0.0"/>
  <system-out><![CDATA[]]></system-out>
  <system-err><![CDATA[]]></system-err>
</testsuite>
