<?xml version="1.0" encoding="UTF-8"?>
<testsuite name="Tests" tests="5" skipped="0" failures="0" errors="0" timestamp="2019-12-31T04:04:02" hostname="107-144-156-227.biz.spectrum.com" time="0.022">
  <properties/>
  <testcase name="testSolutionWithNegativeFrequency" classname="Tests" time="0.006"/>
  <testcase name="testSolutionWithValidValues" classname="Tests" time="0.012"/>
  <testcase name="testSolutionWithNegativeRate" classname="Tests" time="0.001"/>
  <testcase name="testSolutionWithNegativeTime" classname="Tests" time="0.001"/>
  <testcase name="testSolutionWithNegativePrincipal" classname="Tests" time="0.0"/>
  <system-out><![CDATA[]]></system-out>
  <system-err><![CDATA[]]></system-err>
</testsuite>
