<?xml version="1.0" encoding="UTF-8"?>
<testsuite name="Tests" tests="7" skipped="0" failures="0" errors="0" timestamp="2019-12-26T02:03:10" hostname="DESKTOP-9VJVNCN" time="0.052">
  <properties/>
  <testcase name="testSolutionUsingStringWithCapitalizedLetter" classname="Tests" time="0.013"/>
  <testcase name="testSolutionUsingPalindrome" classname="Tests" time="0.011"/>
  <testcase name="testSolutionUsingNullString" classname="Tests" time="0.004"/>
  <testcase name="testSolutionUsingStringWithNewLines" classname="Tests" time="0.004"/>
  <testcase name="testSolutionUsingEmptyString" classname="Tests" time="0.005"/>
  <testcase name="testSolutionUsingSimpleString" classname="Tests" time="0.005"/>
  <testcase name="testSolutionUsingStringWithPunctuationAndSpaces" classname="Tests" time="0.006"/>
  <system-out><![CDATA[]]></system-out>
  <system-err><![CDATA[]]></system-err>
</testsuite>
