<?xml version="1.0" encoding="UTF-8"?>
<testsuite name="Tests" tests="7" skipped="0" failures="0" errors="0" timestamp="2019-12-31T05:50:57" hostname="107-144-156-227.biz.spectrum.com" time="0.011">
  <properties/>
  <testcase name="testSolutionWithValidArrayContainingSomeNulls" classname="Tests" time="0.004"/>
  <testcase name="testSolutionWithValidArrayContainingAllPalindromes" classname="Tests" time="0.001"/>
  <testcase name="testSolutionWithValidArrayContainingNumericPalindromes" classname="Tests" time="0.0"/>
  <testcase name="testSolutionWithValidArrayContainingSomePalindromes" classname="Tests" time="0.001"/>
  <testcase name="testSolutionWithEmptyArray" classname="Tests" time="0.001"/>
  <testcase name="testSolutionWithValidArrayContainingNoPalindromes" classname="Tests" time="0.001"/>
  <testcase name="testSolutionWithNullArray" classname="Tests" time="0.001"/>
  <system-out><![CDATA[]]></system-out>
  <system-err><![CDATA[]]></system-err>
</testsuite>
